2025-05-20T17:21:58.949Z [INFO] Database connection successful
2025-05-20T17:21:58.952Z [INFO] Server listening on port 3001
2025-05-20T17:33:06.285Z [ERROR] Error: Username Exists! Choose Another Username!
    at failRegistrationIfUserExists (C:\Users\HP\workspacejs\votingApp\server\routes\authRoutes.js:47:19)
    at C:\Users\HP\workspacejs\votingApp\server\routes\authRoutes.js:15:5
    at process.processTicksAndRejections (node:internal/process/task_queues:95:5)
2025-05-20T17:33:12.903Z [ERROR] Error: Username Exists! Choose Another Username!
    at failRegistrationIfUserExists (C:\Users\HP\workspacejs\votingApp\server\routes\authRoutes.js:47:19)
    at C:\Users\HP\workspacejs\votingApp\server\routes\authRoutes.js:15:5
    at process.processTicksAndRejections (node:internal/process/task_queues:95:5)
2025-05-20T17:54:49.203Z [ERROR] Error: Username Exists! Choose Another Username!
    at failRegistrationIfUserExists (C:\Users\HP\workspacejs\votingApp\server\routes\authRoutes.js:47:19)
    at C:\Users\HP\workspacejs\votingApp\server\routes\authRoutes.js:15:5
    at process.processTicksAndRejections (node:internal/process/task_queues:95:5)
2025-05-20T17:57:49.763Z [ERROR] Error: Username Exists! Choose Another Username!
    at failRegistrationIfUserExists (C:\Users\HP\workspacejs\votingApp\server\routes\authRoutes.js:47:19)
    at C:\Users\HP\workspacejs\votingApp\server\routes\authRoutes.js:15:5
    at process.processTicksAndRejections (node:internal/process/task_queues:95:5)
2025-05-20T17:58:08.733Z [ERROR] Error: Username Exists! Choose Another Username!
    at failRegistrationIfUserExists (C:\Users\HP\workspacejs\votingApp\server\routes\authRoutes.js:47:19)
    at C:\Users\HP\workspacejs\votingApp\server\routes\authRoutes.js:15:5
    at process.processTicksAndRejections (node:internal/process/task_queues:95:5)
